Determining if the pthread_create exist failed with the following output:
Change Dir: /home/tim/catkin_ws/build/CMakeFiles/CMakeTmp

Run Build Command:"/usr/bin/make" "cmTC_2c737/fast"
/usr/bin/make -f CMakeFiles/cmTC_2c737.dir/build.make CMakeFiles/cmTC_2c737.dir/build
make[1]: Entering directory '/home/tim/catkin_ws/build/CMakeFiles/CMakeTmp'
Building C object CMakeFiles/cmTC_2c737.dir/CheckSymbolExists.c.o
/usr/bin/cc     -o CMakeFiles/cmTC_2c737.dir/CheckSymbolExists.c.o   -c /home/tim/catkin_ws/build/CMakeFiles/CMakeTmp/CheckSymbolExists.c
Linking C executable cmTC_2c737
/usr/bin/cmake -E cmake_link_script CMakeFiles/cmTC_2c737.dir/link.txt --verbose=1
/usr/bin/cc       CMakeFiles/cmTC_2c737.dir/CheckSymbolExists.c.o  -o cmTC_2c737 -rdynamic 
CMakeFiles/cmTC_2c737.dir/CheckSymbolExists.c.o: In function `main':
CheckSymbolExists.c:(.text+0x16): undefined reference to `pthread_create'
collect2: error: ld returned 1 exit status
CMakeFiles/cmTC_2c737.dir/build.make:97: recipe for target 'cmTC_2c737' failed
make[1]: *** [cmTC_2c737] Error 1
make[1]: Leaving directory '/home/tim/catkin_ws/build/CMakeFiles/CMakeTmp'
Makefile:126: recipe for target 'cmTC_2c737/fast' failed
make: *** [cmTC_2c737/fast] Error 2

File /home/tim/catkin_ws/build/CMakeFiles/CMakeTmp/CheckSymbolExists.c:
/* */
#include <pthread.h>

int main(int argc, char** argv)
{
  (void)argv;
#ifndef pthread_create
  return ((int*)(&pthread_create))[argc];
#else
  (void)argc;
  return 0;
#endif
}

Determining if the function pthread_create exists in the pthreads failed with the following output:
Change Dir: /home/tim/catkin_ws/build/CMakeFiles/CMakeTmp

Run Build Command:"/usr/bin/make" "cmTC_6d662/fast"
/usr/bin/make -f CMakeFiles/cmTC_6d662.dir/build.make CMakeFiles/cmTC_6d662.dir/build
make[1]: Entering directory '/home/tim/catkin_ws/build/CMakeFiles/CMakeTmp'
Building C object CMakeFiles/cmTC_6d662.dir/CheckFunctionExists.c.o
/usr/bin/cc    -DCHECK_FUNCTION_EXISTS=pthread_create   -o CMakeFiles/cmTC_6d662.dir/CheckFunctionExists.c.o   -c /usr/share/cmake-3.5/Modules/CheckFunctionExists.c
Linking C executable cmTC_6d662
/usr/bin/cmake -E cmake_link_script CMakeFiles/cmTC_6d662.dir/link.txt --verbose=1
/usr/bin/cc   -DCHECK_FUNCTION_EXISTS=pthread_create    CMakeFiles/cmTC_6d662.dir/CheckFunctionExists.c.o  -o cmTC_6d662 -rdynamic -lpthreads 
/usr/bin/ld: cannot find -lpthreads
collect2: error: ld returned 1 exit status
CMakeFiles/cmTC_6d662.dir/build.make:97: recipe for target 'cmTC_6d662' failed
make[1]: *** [cmTC_6d662] Error 1
make[1]: Leaving directory '/home/tim/catkin_ws/build/CMakeFiles/CMakeTmp'
Makefile:126: recipe for target 'cmTC_6d662/fast' failed
make: *** [cmTC_6d662/fast] Error 2


Determining if the include file pgm.h exists failed with the following output:
Change Dir: /home/tim/catkin_ws/build/CMakeFiles/CMakeTmp

Run Build Command:"/usr/bin/make" "cmTC_1ccba/fast"
make[1]: Entering directory '/home/tim/catkin_ws/build/CMakeFiles/CMakeTmp'
/usr/bin/make -f CMakeFiles/cmTC_1ccba.dir/build.make CMakeFiles/cmTC_1ccba.dir/build
make[2]: Entering directory '/home/tim/catkin_ws/build/CMakeFiles/CMakeTmp'
Building CXX object CMakeFiles/cmTC_1ccba.dir/CheckIncludeFile.cxx.o
/usr/bin/c++      -o CMakeFiles/cmTC_1ccba.dir/CheckIncludeFile.cxx.o -c /home/tim/catkin_ws/build/CMakeFiles/CMakeTmp/CheckIncludeFile.cxx
/home/tim/catkin_ws/build/CMakeFiles/CMakeTmp/CheckIncludeFile.cxx:1:17: fatal error: pgm.h: No such file or directory
compilation terminated.
CMakeFiles/cmTC_1ccba.dir/build.make:65: recipe for target 'CMakeFiles/cmTC_1ccba.dir/CheckIncludeFile.cxx.o' failed
make[2]: *** [CMakeFiles/cmTC_1ccba.dir/CheckIncludeFile.cxx.o] Error 1
make[2]: Leaving directory '/home/tim/catkin_ws/build/CMakeFiles/CMakeTmp'
Makefile:126: recipe for target 'cmTC_1ccba/fast' failed
make[1]: *** [cmTC_1ccba/fast] Error 2
make[1]: Leaving directory '/home/tim/catkin_ws/build/CMakeFiles/CMakeTmp'


Determining if the function trunc exists failed with the following output:
Change Dir: /home/tim/catkin_ws/build/CMakeFiles/CMakeTmp

Run Build Command:"/usr/bin/make" "cmTC_80009/fast"
make[1]: Entering directory '/home/tim/catkin_ws/build/CMakeFiles/CMakeTmp'
/usr/bin/make -f CMakeFiles/cmTC_80009.dir/build.make CMakeFiles/cmTC_80009.dir/build
make[2]: Entering directory '/home/tim/catkin_ws/build/CMakeFiles/CMakeTmp'
Building C object CMakeFiles/cmTC_80009.dir/CheckFunctionExists.c.o
/usr/bin/cc    -DCHECK_FUNCTION_EXISTS=trunc   -o CMakeFiles/cmTC_80009.dir/CheckFunctionExists.c.o   -c /usr/share/cmake-3.5/Modules/CheckFunctionExists.c
<command-line>:0:23: warning: conflicting types for built-in function ‘trunc’
/usr/share/cmake-3.5/Modules/CheckFunctionExists.c:6:6: note: in expansion of macro ‘CHECK_FUNCTION_EXISTS’
 char CHECK_FUNCTION_EXISTS();
      ^
Linking C executable cmTC_80009
/usr/bin/cmake -E cmake_link_script CMakeFiles/cmTC_80009.dir/link.txt --verbose=1
/usr/bin/cc   -DCHECK_FUNCTION_EXISTS=trunc    CMakeFiles/cmTC_80009.dir/CheckFunctionExists.c.o  -o cmTC_80009 -rdynamic 
CMakeFiles/cmTC_80009.dir/CheckFunctionExists.c.o: In function `main':
CheckFunctionExists.c:(.text+0x15): undefined reference to `trunc'
collect2: error: ld returned 1 exit status
CMakeFiles/cmTC_80009.dir/build.make:97: recipe for target 'cmTC_80009' failed
make[2]: *** [cmTC_80009] Error 1
make[2]: Leaving directory '/home/tim/catkin_ws/build/CMakeFiles/CMakeTmp'
Makefile:126: recipe for target 'cmTC_80009/fast' failed
make[1]: *** [cmTC_80009/fast] Error 2
make[1]: Leaving directory '/home/tim/catkin_ws/build/CMakeFiles/CMakeTmp'


